This is pdfTeX, Version 3.14159265-2.6-1.40.16 (TeX Live 2015/Debian) (preloaded format=pdflatex 2017.10.23)  17 MAY 2018 10:19
entering extended mode
 restricted \write18 enabled.
 %&-line parsing enabled.
**odoo.tex
(./odoo.tex
LaTeX2e <2016/02/01>
Babel <3.9q> and hyphenation patterns for 81 language(s) loaded.
(./sphinxmanual.cls
Document Class: sphinxmanual 2017/03/26 v1.6 Document class (Sphinx manual)
(/usr/share/texlive/texmf-dist/tex/latex/base/report.cls
Document Class: report 2014/09/29 v1.4h Standard LaTeX document class
(/usr/share/texlive/texmf-dist/tex/latex/base/size10.clo
File: size10.clo 2014/09/29 v1.4h Standard LaTeX file (size option)
)
\c@part=\count79
\c@chapter=\count80
\c@section=\count81
\c@subsection=\count82
\c@subsubsection=\count83
\c@paragraph=\count84
\c@subparagraph=\count85
\c@figure=\count86
\c@table=\count87
\abovecaptionskip=\skip41
\belowcaptionskip=\skip42
\bibindent=\dimen102
))
(/usr/share/texlive/texmf-dist/tex/latex/base/inputenc.sty
Package: inputenc 2015/03/17 v1.2c Input encoding file
\inpenc@prehook=\toks14
\inpenc@posthook=\toks15

(/usr/share/texlive/texmf-dist/tex/latex/base/utf8.def
File: utf8.def 2015/12/03 v1.1r UTF-8 support for inputenc
Now handling font encoding OML ...
... no UTF-8 mapping file for font encoding OML
Now handling font encoding T1 ...
... processing UTF-8 mapping file for font encoding T1

(/usr/share/texlive/texmf-dist/tex/latex/base/t1enc.dfu
File: t1enc.dfu 2015/12/03 v1.1r UTF-8 support for inputenc
   defining Unicode char U+00A0 (decimal 160)
   defining Unicode char U+00A1 (decimal 161)
   defining Unicode char U+00A3 (decimal 163)
   defining Unicode char U+00AB (decimal 171)
   defining Unicode char U+00AD (decimal 173)
   defining Unicode char U+00BB (decimal 187)
   defining Unicode char U+00BF (decimal 191)
   defining Unicode char U+00C0 (decimal 192)
   defining Unicode char U+00C1 (decimal 193)
   defining Unicode char U+00C2 (decimal 194)
   defining Unicode char U+00C3 (decimal 195)
   defining Unicode char U+00C4 (decimal 196)
   defining Unicode char U+00C5 (decimal 197)
   defining Unicode char U+00C6 (decimal 198)
   defining Unicode char U+00C7 (decimal 199)
   defining Unicode char U+00C8 (decimal 200)
   defining Unicode char U+00C9 (decimal 201)
   defining Unicode char U+00CA (decimal 202)
   defining Unicode char U+00CB (decimal 203)
   defining Unicode char U+00CC (decimal 204)
   defining Unicode char U+00CD (decimal 205)
   defining Unicode char U+00CE (decimal 206)
   defining Unicode char U+00CF (decimal 207)
   defining Unicode char U+00D0 (decimal 208)
   defining Unicode char U+00D1 (decimal 209)
   defining Unicode char U+00D2 (decimal 210)
   defining Unicode char U+00D3 (decimal 211)
   defining Unicode char U+00D4 (decimal 212)
   defining Unicode char U+00D5 (decimal 213)
   defining Unicode char U+00D6 (decimal 214)
   defining Unicode char U+00D8 (decimal 216)
   defining Unicode char U+00D9 (decimal 217)
   defining Unicode char U+00DA (decimal 218)
   defining Unicode char U+00DB (decimal 219)
   defining Unicode char U+00DC (decimal 220)
   defining Unicode char U+00DD (decimal 221)
   defining Unicode char U+00DE (decimal 222)
   defining Unicode char U+00DF (decimal 223)
   defining Unicode char U+00E0 (decimal 224)
   defining Unicode char U+00E1 (decimal 225)
   defining Unicode char U+00E2 (decimal 226)
   defining Unicode char U+00E3 (decimal 227)
   defining Unicode char U+00E4 (decimal 228)
   defining Unicode char U+00E5 (decimal 229)
   defining Unicode char U+00E6 (decimal 230)
   defining Unicode char U+00E7 (decimal 231)
   defining Unicode char U+00E8 (decimal 232)
   defining Unicode char U+00E9 (decimal 233)
   defining Unicode char U+00EA (decimal 234)
   defining Unicode char U+00EB (decimal 235)
   defining Unicode char U+00EC (decimal 236)
   defining Unicode char U+00ED (decimal 237)
   defining Unicode char U+00EE (decimal 238)
   defining Unicode char U+00EF (decimal 239)
   defining Unicode char U+00F0 (decimal 240)
   defining Unicode char U+00F1 (decimal 241)
   defining Unicode char U+00F2 (decimal 242)
   defining Unicode char U+00F3 (decimal 243)
   defining Unicode char U+00F4 (decimal 244)
   defining Unicode char U+00F5 (decimal 245)
   defining Unicode char U+00F6 (decimal 246)
   defining Unicode char U+00F8 (decimal 248)
   defining Unicode char U+00F9 (decimal 249)
   defining Unicode char U+00FA (decimal 250)
   defining Unicode char U+00FB (decimal 251)
   defining Unicode char U+00FC (decimal 252)
   defining Unicode char U+00FD (decimal 253)
   defining Unicode char U+00FE (decimal 254)
   defining Unicode char U+00FF (decimal 255)
   defining Unicode char U+0100 (decimal 256)
   defining Unicode char U+0101 (decimal 257)
   defining Unicode char U+0102 (decimal 258)
   defining Unicode char U+0103 (decimal 259)
   defining Unicode char U+0104 (decimal 260)
   defining Unicode char U+0105 (decimal 261)
   defining Unicode char U+0106 (decimal 262)
   defining Unicode char U+0107 (decimal 263)
   defining Unicode char U+0108 (decimal 264)
   defining Unicode char U+0109 (decimal 265)
   defining Unicode char U+010A (decimal 266)
   defining Unicode char U+010B (decimal 267)
   defining Unicode char U+010C (decimal 268)
   defining Unicode char U+010D (decimal 269)
   defining Unicode char U+010E (decimal 270)
   defining Unicode char U+010F (decimal 271)
   defining Unicode char U+0110 (decimal 272)
   defining Unicode char U+0111 (decimal 273)
   defining Unicode char U+0112 (decimal 274)
   defining Unicode char U+0113 (decimal 275)
   defining Unicode char U+0114 (decimal 276)
   defining Unicode char U+0115 (decimal 277)
   defining Unicode char U+0116 (decimal 278)
   defining Unicode char U+0117 (decimal 279)
   defining Unicode char U+0118 (decimal 280)
   defining Unicode char U+0119 (decimal 281)
   defining Unicode char U+011A (decimal 282)
   defining Unicode char U+011B (decimal 283)
   defining Unicode char U+011C (decimal 284)
   defining Unicode char U+011D (decimal 285)
   defining Unicode char U+011E (decimal 286)
   defining Unicode char U+011F (decimal 287)
   defining Unicode char U+0120 (decimal 288)
   defining Unicode char U+0121 (decimal 289)
   defining Unicode char U+0122 (decimal 290)
   defining Unicode char U+0123 (decimal 291)
   defining Unicode char U+0124 (decimal 292)
   defining Unicode char U+0125 (decimal 293)
   defining Unicode char U+0128 (decimal 296)
   defining Unicode char U+0129 (decimal 297)
   defining Unicode char U+012A (decimal 298)
   defining Unicode char U+012B (decimal 299)
   defining Unicode char U+012C (decimal 300)
   defining Unicode char U+012D (decimal 301)
   defining Unicode char U+012E (decimal 302)
   defining Unicode char U+012F (decimal 303)
   defining Unicode char U+0130 (decimal 304)
   defining Unicode char U+0131 (decimal 305)
   defining Unicode char U+0132 (decimal 306)
   defining Unicode char U+0133 (decimal 307)
   defining Unicode char U+0134 (decimal 308)
   defining Unicode char U+0135 (decimal 309)
   defining Unicode char U+0136 (decimal 310)
   defining Unicode char U+0137 (decimal 311)
   defining Unicode char U+0139 (decimal 313)
   defining Unicode char U+013A (decimal 314)
   defining Unicode char U+013B (decimal 315)
   defining Unicode char U+013C (decimal 316)
   defining Unicode char U+013D (decimal 317)
   defining Unicode char U+013E (decimal 318)
   defining Unicode char U+0141 (decimal 321)
   defining Unicode char U+0142 (decimal 322)
   defining Unicode char U+0143 (decimal 323)
   defining Unicode char U+0144 (decimal 324)
   defining Unicode char U+0145 (decimal 325)
   defining Unicode char U+0146 (decimal 326)
   defining Unicode char U+0147 (decimal 327)
   defining Unicode char U+0148 (decimal 328)
   defining Unicode char U+014A (decimal 330)
   defining Unicode char U+014B (decimal 331)
   defining Unicode char U+014C (decimal 332)
   defining Unicode char U+014D (decimal 333)
   defining Unicode char U+014E (decimal 334)
   defining Unicode char U+014F (decimal 335)
   defining Unicode char U+0150 (decimal 336)
   defining Unicode char U+0151 (decimal 337)
   defining Unicode char U+0152 (decimal 338)
   defining Unicode char U+0153 (decimal 339)
   defining Unicode char U+0154 (decimal 340)
   defining Unicode char U+0155 (decimal 341)
   defining Unicode char U+0156 (decimal 342)
   defining Unicode char U+0157 (decimal 343)
   defining Unicode char U+0158 (decimal 344)
   defining Unicode char U+0159 (decimal 345)
   defining Unicode char U+015A (decimal 346)
   defining Unicode char U+015B (decimal 347)
   defining Unicode char U+015C (decimal 348)
   defining Unicode char U+015D (decimal 349)
   defining Unicode char U+015E (decimal 350)
   defining Unicode char U+015F (decimal 351)
   defining Unicode char U+0160 (decimal 352)
   defining Unicode char U+0161 (decimal 353)
   defining Unicode char U+0162 (decimal 354)
   defining Unicode char U+0163 (decimal 355)
   defining Unicode char U+0164 (decimal 356)
   defining Unicode char U+0165 (decimal 357)
   defining Unicode char U+0168 (decimal 360)
   defining Unicode char U+0169 (decimal 361)
   defining Unicode char U+016A (decimal 362)
   defining Unicode char U+016B (decimal 363)
   defining Unicode char U+016C (decimal 364)
   defining Unicode char U+016D (decimal 365)
   defining Unicode char U+016E (decimal 366)
   defining Unicode char U+016F (decimal 367)
   defining Unicode char U+0170 (decimal 368)
   defining Unicode char U+0171 (decimal 369)
   defining Unicode char U+0172 (decimal 370)
   defining Unicode char U+0173 (decimal 371)
   defining Unicode char U+0174 (decimal 372)
   defining Unicode char U+0175 (decimal 373)
   defining Unicode char U+0176 (decimal 374)
   defining Unicode char U+0177 (decimal 375)
   defining Unicode char U+0178 (decimal 376)
   defining Unicode char U+0179 (decimal 377)
   defining Unicode char U+017A (decimal 378)
   defining Unicode char U+017B (decimal 379)
   defining Unicode char U+017C (decimal 380)
   defining Unicode char U+017D (decimal 381)
   defining Unicode char U+017E (decimal 382)
   defining Unicode char U+01CD (decimal 461)
   defining Unicode char U+01CE (decimal 462)
   defining Unicode char U+01CF (decimal 463)
   defining Unicode char U+01D0 (decimal 464)
   defining Unicode char U+01D1 (decimal 465)
   defining Unicode char U+01D2 (decimal 466)
   defining Unicode char U+01D3 (decimal 467)
   defining Unicode char U+01D4 (decimal 468)
   defining Unicode char U+01E2 (decimal 482)
   defining Unicode char U+01E3 (decimal 483)
   defining Unicode char U+01E6 (decimal 486)
   defining Unicode char U+01E7 (decimal 487)
   defining Unicode char U+01E8 (decimal 488)
   defining Unicode char U+01E9 (decimal 489)
   defining Unicode char U+01EA (decimal 490)
   defining Unicode char U+01EB (decimal 491)
   defining Unicode char U+01F0 (decimal 496)
   defining Unicode char U+01F4 (decimal 500)
   defining Unicode char U+01F5 (decimal 501)
   defining Unicode char U+0218 (decimal 536)
   defining Unicode char U+0219 (decimal 537)
   defining Unicode char U+021A (decimal 538)
   defining Unicode char U+021B (decimal 539)
   defining Unicode char U+01E02 (decimal 7682)
   defining Unicode char U+01E03 (decimal 7683)
   defining Unicode char U+200C (decimal 8204)
   defining Unicode char U+2013 (decimal 8211)
   defining Unicode char U+2014 (decimal 8212)
   defining Unicode char U+2018 (decimal 8216)
   defining Unicode char U+2019 (decimal 8217)
   defining Unicode char U+201A (decimal 8218)
   defining Unicode char U+201C (decimal 8220)
   defining Unicode char U+201D (decimal 8221)
   defining Unicode char U+201E (decimal 8222)
   defining Unicode char U+2030 (decimal 8240)
   defining Unicode char U+2031 (decimal 8241)
   defining Unicode char U+2039 (decimal 8249)
   defining Unicode char U+203A (decimal 8250)
   defining Unicode char U+2423 (decimal 9251)
)
Now handling font encoding OT1 ...
... processing UTF-8 mapping file for font encoding OT1

(/usr/share/texlive/texmf-dist/tex/latex/base/ot1enc.dfu
File: ot1enc.dfu 2015/12/03 v1.1r UTF-8 support for inputenc
   defining Unicode char U+00A0 (decimal 160)
   defining Unicode char U+00A1 (decimal 161)
   defining Unicode char U+00A3 (decimal 163)
   defining Unicode char U+00AD (decimal 173)
   defining Unicode char U+00B8 (decimal 184)
   defining Unicode char U+00BF (decimal 191)
   defining Unicode char U+00C5 (decimal 197)
   defining Unicode char U+00C6 (decimal 198)
   defining Unicode char U+00D8 (decimal 216)
   defining Unicode char U+00DF (decimal 223)
   defining Unicode char U+00E6 (decimal 230)
   defining Unicode char U+00EC (decimal 236)
   defining Unicode char U+00ED (decimal 237)
   defining Unicode char U+00EE (decimal 238)
   defining Unicode char U+00EF (decimal 239)
   defining Unicode char U+00F8 (decimal 248)
   defining Unicode char U+0131 (decimal 305)
   defining Unicode char U+0141 (decimal 321)
   defining Unicode char U+0142 (decimal 322)
   defining Unicode char U+0152 (decimal 338)
   defining Unicode char U+0153 (decimal 339)
   defining Unicode char U+0174 (decimal 372)
   defining Unicode char U+0175 (decimal 373)
   defining Unicode char U+0176 (decimal 374)
   defining Unicode char U+0177 (decimal 375)
   defining Unicode char U+0218 (decimal 536)
   defining Unicode char U+0219 (decimal 537)
   defining Unicode char U+021A (decimal 538)
   defining Unicode char U+021B (decimal 539)
   defining Unicode char U+2013 (decimal 8211)
   defining Unicode char U+2014 (decimal 8212)
   defining Unicode char U+2018 (decimal 8216)
   defining Unicode char U+2019 (decimal 8217)
   defining Unicode char U+201C (decimal 8220)
   defining Unicode char U+201D (decimal 8221)
)
Now handling font encoding OMS ...
... processing UTF-8 mapping file for font encoding OMS

(/usr/share/texlive/texmf-dist/tex/latex/base/omsenc.dfu
File: omsenc.dfu 2015/12/03 v1.1r UTF-8 support for inputenc
   defining Unicode char U+00A7 (decimal 167)
   defining Unicode char U+00B6 (decimal 182)
   defining Unicode char U+00B7 (decimal 183)
   defining Unicode char U+2020 (decimal 8224)
   defining Unicode char U+2021 (decimal 8225)
   defining Unicode char U+2022 (decimal 8226)
)
Now handling font encoding OMX ...
... no UTF-8 mapping file for font encoding OMX
Now handling font encoding U ...
... no UTF-8 mapping file for font encoding U
   defining Unicode char U+00A9 (decimal 169)
   defining Unicode char U+00AA (decimal 170)
   defining Unicode char U+00AE (decimal 174)
   defining Unicode char U+00BA (decimal 186)
   defining Unicode char U+02C6 (decimal 710)
   defining Unicode char U+02DC (decimal 732)
   defining Unicode char U+200C (decimal 8204)
   defining Unicode char U+2026 (decimal 8230)
   defining Unicode char U+2122 (decimal 8482)
   defining Unicode char U+2423 (decimal 9251)
))
   defining Unicode char U+00A0 (decimal 160)
   defining Unicode char U+2500 (decimal 9472)
   defining Unicode char U+2502 (decimal 9474)
   defining Unicode char U+2514 (decimal 9492)
   defining Unicode char U+251C (decimal 9500)
   defining Unicode char U+2572 (decimal 9586)

(/usr/share/texlive/texmf-dist/tex/latex/cmap/cmap.sty
Package: cmap 2008/03/06 v1.0h CMap support: searchable PDF
)
(/usr/share/texlive/texmf-dist/tex/latex/base/fontenc.sty
Package: fontenc 2005/09/27 v1.99g Standard LaTeX package

(/usr/share/texlive/texmf-dist/tex/latex/base/t1enc.def
File: t1enc.def 2005/09/27 v1.99g Standard LaTeX file
LaTeX Font Info:    Redeclaring font encoding T1 on input line 48.
)<<t1.cmap>>)
(/usr/share/texlive/texmf-dist/tex/latex/amsmath/amsmath.sty
Package: amsmath 2016/03/03 v2.15a AMS math features
\@mathmargin=\skip43

For additional information on amsmath, use the `?' option.
(/usr/share/texlive/texmf-dist/tex/latex/amsmath/amstext.sty
Package: amstext 2000/06/29 v2.01 AMS text

(/usr/share/texlive/texmf-dist/tex/latex/amsmath/amsgen.sty
File: amsgen.sty 1999/11/30 v2.0 generic functions
\@emptytoks=\toks16
\ex@=\dimen103
))
(/usr/share/texlive/texmf-dist/tex/latex/amsmath/amsbsy.sty
Package: amsbsy 1999/11/29 v1.2d Bold Symbols
\pmbraise@=\dimen104
)
(/usr/share/texlive/texmf-dist/tex/latex/amsmath/amsopn.sty
Package: amsopn 1999/12/14 v2.01 operator names
)
\inf@bad=\count88
LaTeX Info: Redefining \frac on input line 199.
\uproot@=\count89
\leftroot@=\count90
LaTeX Info: Redefining \overline on input line 297.
\classnum@=\count91
\DOTSCASE@=\count92
LaTeX Info: Redefining \ldots on input line 394.
LaTeX Info: Redefining \dots on input line 397.
LaTeX Info: Redefining \cdots on input line 518.
\Mathstrutbox@=\box26
\strutbox@=\box27
\big@size=\dimen105
LaTeX Font Info:    Redeclaring font encoding OML on input line 630.
LaTeX Font Info:    Redeclaring font encoding OMS on input line 631.
\macc@depth=\count93
\c@MaxMatrixCols=\count94
\dotsspace@=\muskip10
\c@parentequation=\count95
\dspbrk@lvl=\count96
\tag@help=\toks17
\row@=\count97
\column@=\count98
\maxfields@=\count99
\andhelp@=\toks18
\eqnshift@=\dimen106
\alignsep@=\dimen107
\tagshift@=\dimen108
\tagwidth@=\dimen109
\totwidth@=\dimen110
\lineht@=\dimen111
\@envbody=\toks19
\multlinegap=\skip44
\multlinetaggap=\skip45
\mathdisplay@stack=\toks20
LaTeX Info: Redefining \[ on input line 2735.
LaTeX Info: Redefining \] on input line 2736.
)
(/usr/share/texlive/texmf-dist/tex/latex/amsfonts/amssymb.sty
Package: amssymb 2013/01/14 v3.01 AMS font symbols

(/usr/share/texlive/texmf-dist/tex/latex/amsfonts/amsfonts.sty
Package: amsfonts 2013/01/14 v3.01 Basic AMSFonts support
\symAMSa=\mathgroup4
\symAMSb=\mathgroup5
LaTeX Font Info:    Overwriting math alphabet `\mathfrak' in version `bold'
(Font)                  U/euf/m/n --> U/euf/b/n on input line 106.
))
(/usr/share/texlive/texmf-dist/tex/generic/babel/babel.sty
Package: babel 2016/02/24 3.9q The Babel package

(/usr/share/texlive/texmf-dist/tex/generic/babel-english/english.ldf
Language: english 2012/08/20 v3.3p English support from the babel system

(/usr/share/texlive/texmf-dist/tex/generic/babel/babel.def
File: babel.def 2016/02/24 3.9q Babel common definitions
\babel@savecnt=\count100
\U@D=\dimen112
)
\l@canadian = a dialect from \language\l@american 
\l@australian = a dialect from \language\l@british 
\l@newzealand = a dialect from \language\l@british 
))
(/usr/share/texlive/texmf-dist/tex/latex/psnfss/times.sty
Package: times 2005/04/12 PSNFSS-v9.2a (SPQR) 
) (./fncychap.sty
Package: fncychap 2007/07/30 v1.34 LaTeX package (Revised chapters)
\RW=\skip46
\mylen=\skip47
\myhi=\skip48
\px=\skip49
\py=\skip50
\pyy=\skip51
\pxx=\skip52
\c@AlphaCnt=\count101
\c@AlphaDecCnt=\count102
)
(./sphinx.sty
Package: sphinx 2018/03/11 v1.7.2 LaTeX package (Sphinx markup)
 (/usr/share/texlive/texmf-dist/tex/generic/oberdiek/ltxcmds.sty
Package: ltxcmds 2011/11/09 v1.22 LaTeX kernel commands for general use (HO)
)
(/usr/share/texlive/texmf-dist/tex/latex/graphics/graphicx.sty
Package: graphicx 2014/10/28 v1.0g Enhanced LaTeX Graphics (DPC,SPQR)

(/usr/share/texlive/texmf-dist/tex/latex/graphics/keyval.sty
Package: keyval 2014/10/28 v1.15 key=value parser (DPC)
\KV@toks@=\toks21
)
(/usr/share/texlive/texmf-dist/tex/latex/graphics/graphics.sty
Package: graphics 2016/01/03 v1.0q Standard LaTeX Graphics (DPC,SPQR)

(/usr/share/texlive/texmf-dist/tex/latex/graphics/trig.sty
Package: trig 2016/01/03 v1.10 sin cos tan (DPC)
)
(/usr/share/texlive/texmf-dist/tex/latex/latexconfig/graphics.cfg
File: graphics.cfg 2010/04/23 v1.9 graphics configuration of TeX Live
)
Package graphics Info: Driver file: pdftex.def on input line 95.

(/usr/share/texlive/texmf-dist/tex/latex/pdftex-def/pdftex.def
File: pdftex.def 2011/05/27 v0.06d Graphics/color for pdfTeX

(/usr/share/texlive/texmf-dist/tex/generic/oberdiek/infwarerr.sty
Package: infwarerr 2010/04/08 v1.3 Providing info/warning/error messages (HO)
)
\Gread@gobject=\count103
))
\Gin@req@height=\dimen113
\Gin@req@width=\dimen114
)
(/usr/share/texlive/texmf-dist/tex/latex/fancyhdr/fancyhdr.sty
\fancy@headwidth=\skip53
\f@ncyO@elh=\skip54
\f@ncyO@erh=\skip55
\f@ncyO@olh=\skip56
\f@ncyO@orh=\skip57
\f@ncyO@elf=\skip58
\f@ncyO@erf=\skip59
\f@ncyO@olf=\skip60
\f@ncyO@orf=\skip61
)
(/usr/share/texlive/texmf-dist/tex/latex/base/textcomp.sty
Package: textcomp 2005/09/27 v1.99g Standard LaTeX package
Package textcomp Info: Sub-encoding information:
(textcomp)               5 = only ISO-Adobe without \textcurrency
(textcomp)               4 = 5 + \texteuro
(textcomp)               3 = 4 + \textohm
(textcomp)               2 = 3 + \textestimated + \textcurrency
(textcomp)               1 = TS1 - \textcircled - \t
(textcomp)               0 = TS1 (full)
(textcomp)             Font families with sub-encoding setting implement
(textcomp)             only a restricted character set as indicated.
(textcomp)             Family '?' is the default used for unknown fonts.
(textcomp)             See the documentation for details.
Package textcomp Info: Setting ? sub-encoding to TS1/1 on input line 79.

(/usr/share/texlive/texmf-dist/tex/latex/base/ts1enc.def
File: ts1enc.def 2001/06/05 v3.0e (jk/car/fm) Standard LaTeX file
Now handling font encoding TS1 ...
... processing UTF-8 mapping file for font encoding TS1

(/usr/share/texlive/texmf-dist/tex/latex/base/ts1enc.dfu
File: ts1enc.dfu 2015/12/03 v1.1r UTF-8 support for inputenc
   defining Unicode char U+00A2 (decimal 162)
   defining Unicode char U+00A3 (decimal 163)
   defining Unicode char U+00A4 (decimal 164)
   defining Unicode char U+00A5 (decimal 165)
   defining Unicode char U+00A6 (decimal 166)
   defining Unicode char U+00A7 (decimal 167)
   defining Unicode char U+00A8 (decimal 168)
   defining Unicode char U+00A9 (decimal 169)
   defining Unicode char U+00AA (decimal 170)
   defining Unicode char U+00AC (decimal 172)
   defining Unicode char U+00AE (decimal 174)
   defining Unicode char U+00AF (decimal 175)
   defining Unicode char U+00B0 (decimal 176)
   defining Unicode char U+00B1 (decimal 177)
   defining Unicode char U+00B2 (decimal 178)
   defining Unicode char U+00B3 (decimal 179)
   defining Unicode char U+00B4 (decimal 180)
   defining Unicode char U+00B5 (decimal 181)
   defining Unicode char U+00B6 (decimal 182)
   defining Unicode char U+00B7 (decimal 183)
   defining Unicode char U+00B9 (decimal 185)
   defining Unicode char U+00BA (decimal 186)
   defining Unicode char U+00BC (decimal 188)
   defining Unicode char U+00BD (decimal 189)
   defining Unicode char U+00BE (decimal 190)
   defining Unicode char U+00D7 (decimal 215)
   defining Unicode char U+00F7 (decimal 247)
   defining Unicode char U+0192 (decimal 402)
   defining Unicode char U+02C7 (decimal 711)
   defining Unicode char U+02D8 (decimal 728)
   defining Unicode char U+02DD (decimal 733)
   defining Unicode char U+0E3F (decimal 3647)
   defining Unicode char U+2016 (decimal 8214)
   defining Unicode char U+2020 (decimal 8224)
   defining Unicode char U+2021 (decimal 8225)
   defining Unicode char U+2022 (decimal 8226)
   defining Unicode char U+2030 (decimal 8240)
   defining Unicode char U+2031 (decimal 8241)
   defining Unicode char U+203B (decimal 8251)
   defining Unicode char U+203D (decimal 8253)
   defining Unicode char U+2044 (decimal 8260)
   defining Unicode char U+204E (decimal 8270)
   defining Unicode char U+2052 (decimal 8274)
   defining Unicode char U+20A1 (decimal 8353)
   defining Unicode char U+20A4 (decimal 8356)
   defining Unicode char U+20A6 (decimal 8358)
   defining Unicode char U+20A9 (decimal 8361)
   defining Unicode char U+20AB (decimal 8363)
   defining Unicode char U+20AC (decimal 8364)
   defining Unicode char U+20B1 (decimal 8369)
   defining Unicode char U+2103 (decimal 8451)
   defining Unicode char U+2116 (decimal 8470)
   defining Unicode char U+2117 (decimal 8471)
   defining Unicode char U+211E (decimal 8478)
   defining Unicode char U+2120 (decimal 8480)
   defining Unicode char U+2122 (decimal 8482)
   defining Unicode char U+2126 (decimal 8486)
   defining Unicode char U+2127 (decimal 8487)
   defining Unicode char U+212E (decimal 8494)
   defining Unicode char U+2190 (decimal 8592)
   defining Unicode char U+2191 (decimal 8593)
   defining Unicode char U+2192 (decimal 8594)
   defining Unicode char U+2193 (decimal 8595)
   defining Unicode char U+2329 (decimal 9001)
   defining Unicode char U+232A (decimal 9002)
   defining Unicode char U+2422 (decimal 9250)
   defining Unicode char U+25E6 (decimal 9702)
   defining Unicode char U+25EF (decimal 9711)
   defining Unicode char U+266A (decimal 9834)
))
LaTeX Info: Redefining \oldstylenums on input line 334.
Package textcomp Info: Setting cmr sub-encoding to TS1/0 on input line 349.
Package textcomp Info: Setting cmss sub-encoding to TS1/0 on input line 350.
Package textcomp Info: Setting cmtt sub-encoding to TS1/0 on input line 351.
Package textcomp Info: Setting cmvtt sub-encoding to TS1/0 on input line 352.
Package textcomp Info: Setting cmbr sub-encoding to TS1/0 on input line 353.
Package textcomp Info: Setting cmtl sub-encoding to TS1/0 on input line 354.
Package textcomp Info: Setting ccr sub-encoding to TS1/0 on input line 355.
Package textcomp Info: Setting ptm sub-encoding to TS1/4 on input line 356.
Package textcomp Info: Setting pcr sub-encoding to TS1/4 on input line 357.
Package textcomp Info: Setting phv sub-encoding to TS1/4 on input line 358.
Package textcomp Info: Setting ppl sub-encoding to TS1/3 on input line 359.
Package textcomp Info: Setting pag sub-encoding to TS1/4 on input line 360.
Package textcomp Info: Setting pbk sub-encoding to TS1/4 on input line 361.
Package textcomp Info: Setting pnc sub-encoding to TS1/4 on input line 362.
Package textcomp Info: Setting pzc sub-encoding to TS1/4 on input line 363.
Package textcomp Info: Setting bch sub-encoding to TS1/4 on input line 364.
Package textcomp Info: Setting put sub-encoding to TS1/5 on input line 365.
Package textcomp Info: Setting uag sub-encoding to TS1/5 on input line 366.
Package textcomp Info: Setting ugq sub-encoding to TS1/5 on input line 367.
Package textcomp Info: Setting ul8 sub-encoding to TS1/4 on input line 368.
Package textcomp Info: Setting ul9 sub-encoding to TS1/4 on input line 369.
Package textcomp Info: Setting augie sub-encoding to TS1/5 on input line 370.
Package textcomp Info: Setting dayrom sub-encoding to TS1/3 on input line 371.
Package textcomp Info: Setting dayroms sub-encoding to TS1/3 on input line 372.

Package textcomp Info: Setting pxr sub-encoding to TS1/0 on input line 373.
Package textcomp Info: Setting pxss sub-encoding to TS1/0 on input line 374.
Package textcomp Info: Setting pxtt sub-encoding to TS1/0 on input line 375.
Package textcomp Info: Setting txr sub-encoding to TS1/0 on input line 376.
Package textcomp Info: Setting txss sub-encoding to TS1/0 on input line 377.
Package textcomp Info: Setting txtt sub-encoding to TS1/0 on input line 378.
Package textcomp Info: Setting lmr sub-encoding to TS1/0 on input line 379.
Package textcomp Info: Setting lmdh sub-encoding to TS1/0 on input line 380.
Package textcomp Info: Setting lmss sub-encoding to TS1/0 on input line 381.
Package textcomp Info: Setting lmssq sub-encoding to TS1/0 on input line 382.
Package textcomp Info: Setting lmvtt sub-encoding to TS1/0 on input line 383.
Package textcomp Info: Setting lmtt sub-encoding to TS1/0 on input line 384.
Package textcomp Info: Setting qhv sub-encoding to TS1/0 on input line 385.
Package textcomp Info: Setting qag sub-encoding to TS1/0 on input line 386.
Package textcomp Info: Setting qbk sub-encoding to TS1/0 on input line 387.
Package textcomp Info: Setting qcr sub-encoding to TS1/0 on input line 388.
Package textcomp Info: Setting qcs sub-encoding to TS1/0 on input line 389.
Package textcomp Info: Setting qpl sub-encoding to TS1/0 on input line 390.
Package textcomp Info: Setting qtm sub-encoding to TS1/0 on input line 391.
Package textcomp Info: Setting qzc sub-encoding to TS1/0 on input line 392.
Package textcomp Info: Setting qhvc sub-encoding to TS1/0 on input line 393.
Package textcomp Info: Setting futs sub-encoding to TS1/4 on input line 394.
Package textcomp Info: Setting futx sub-encoding to TS1/4 on input line 395.
Package textcomp Info: Setting futj sub-encoding to TS1/4 on input line 396.
Package textcomp Info: Setting hlh sub-encoding to TS1/3 on input line 397.
Package textcomp Info: Setting hls sub-encoding to TS1/3 on input line 398.
Package textcomp Info: Setting hlst sub-encoding to TS1/3 on input line 399.
Package textcomp Info: Setting hlct sub-encoding to TS1/5 on input line 400.
Package textcomp Info: Setting hlx sub-encoding to TS1/5 on input line 401.
Package textcomp Info: Setting hlce sub-encoding to TS1/5 on input line 402.
Package textcomp Info: Setting hlcn sub-encoding to TS1/5 on input line 403.
Package textcomp Info: Setting hlcw sub-encoding to TS1/5 on input line 404.
Package textcomp Info: Setting hlcf sub-encoding to TS1/5 on input line 405.
Package textcomp Info: Setting pplx sub-encoding to TS1/3 on input line 406.
Package textcomp Info: Setting pplj sub-encoding to TS1/3 on input line 407.
Package textcomp Info: Setting ptmx sub-encoding to TS1/4 on input line 408.
Package textcomp Info: Setting ptmj sub-encoding to TS1/4 on input line 409.
)
(/usr/share/texlive/texmf-dist/tex/latex/titlesec/titlesec.sty
Package: titlesec 2016/03/15 v2.10.1 Sectioning titles
\ttl@box=\box28
\beforetitleunit=\skip62
\aftertitleunit=\skip63
\ttl@plus=\dimen115
\ttl@minus=\dimen116
\ttl@toksa=\toks22
\titlewidth=\dimen117
\titlewidthlast=\dimen118
\titlewidthfirst=\dimen119
)
(/usr/share/texlive/texmf-dist/tex/latex/etoolbox/etoolbox.sty
Package: etoolbox 2015/08/02 v2.2a e-TeX tools for LaTeX (JAW)
\etb@tempcnta=\count104
)

 Package Sphinx Info: 
 **** titlesec 2.10.1 successfully patched for bugfix ****

(./tabulary.sty
Package: tabulary 2008/12/01 v0.9 tabulary package (DPC)
 (/usr/share/texlive/texmf-dist/tex/latex/tools/array.sty
Package: array 2014/10/28 v2.4c Tabular extension package (FMi)
\col@sep=\dimen120
\extrarowheight=\dimen121
\NC@list=\toks23
\extratabsurround=\skip64
\backup@length=\skip65
)
\TY@count=\count105
\TY@linewidth=\dimen122
\tymin=\dimen123
\tymax=\dimen124
\TY@tablewidth=\dimen125
)
(/usr/share/texlive/texmf-dist/tex/latex/tools/longtable.sty
Package: longtable 2014/10/28 v4.11 Multi-page Table package (DPC)
\LTleft=\skip66
\LTright=\skip67
\LTpre=\skip68
\LTpost=\skip69
\LTchunksize=\count106
\LTcapwidth=\dimen126
\LT@head=\box29
\LT@firsthead=\box30
\LT@foot=\box31
\LT@lastfoot=\box32
\LT@cols=\count107
\LT@rows=\count108
\c@LT@tables=\count109
\c@LT@chunks=\count110
\LT@p@ftn=\toks24
)
(/usr/share/texlive/texmf-dist/tex/latex/varwidth/varwidth.sty
Package: varwidth 2009/03/30 ver 0.92;  Variable-width minipages
\@vwid@box=\box33
\sift@deathcycles=\count111
\@vwid@loff=\dimen127
\@vwid@roff=\dimen128
)
(./sphinxmulticell.sty
Package: sphinxmulticell 2017/02/23 v1.6 better span rows and columns of a tabl
e (Sphinx team)
\sphinx@TY@tablewidth=\dimen129
)
(/usr/share/texlive/texmf-dist/tex/latex/base/makeidx.sty
Package: makeidx 2014/09/29 v1.0m Standard LaTeX package
)
(/usr/share/texlive/texmf-dist/tex/latex/framed/framed.sty
Package: framed 2011/10/22 v 0.96: framed or shaded text with page breaks
\OuterFrameSep=\skip70
\fb@frw=\dimen130
\fb@frh=\dimen131
\FrameRule=\dimen132
\FrameSep=\dimen133
)
(/usr/share/texlive/texmf-dist/tex/latex/xcolor/xcolor.sty
Package: xcolor 2007/01/21 v2.11 LaTeX color extensions (UK)

(/usr/share/texlive/texmf-dist/tex/latex/latexconfig/color.cfg
File: color.cfg 2007/01/18 v1.5 color configuration of teTeX/TeXLive
)
Package xcolor Info: Driver file: pdftex.def on input line 225.
Package xcolor Info: Model `cmy' substituted by `cmy0' on input line 1337.
Package xcolor Info: Model `hsb' substituted by `rgb' on input line 1341.
Package xcolor Info: Model `RGB' extended on input line 1353.
Package xcolor Info: Model `HTML' substituted by `rgb' on input line 1355.
Package xcolor Info: Model `Hsb' substituted by `hsb' on input line 1356.
Package xcolor Info: Model `tHsb' substituted by `hsb' on input line 1357.
Package xcolor Info: Model `HSB' substituted by `hsb' on input line 1358.
Package xcolor Info: Model `Gray' substituted by `gray' on input line 1359.
Package xcolor Info: Model `wave' substituted by `hsb' on input line 1360.
)
(/usr/share/texlive/texmf-dist/tex/latex/fancyvrb/fancyvrb.sty
Package: fancyvrb 2008/02/07

Style option: `fancyvrb' v2.7a, with DG/SPQR fixes, and firstline=lastline fix 
<2008/02/07> (tvz)
\FV@CodeLineNo=\count112
\FV@InFile=\read1
\FV@TabBox=\box34
\c@FancyVerbLine=\count113
\FV@StepNumber=\count114
\FV@OutFile=\write3
) (./footnotehyper-sphinx.sty
Package: footnotehyper-sphinx 2017/10/27 v1.7 hyperref aware footnote.sty for s
phinx (JFB)
\FNH@notes=\box35
\FNH@width=\dimen134
)
(/usr/share/texlive/texmf-dist/tex/latex/float/float.sty
Package: float 2001/11/08 v1.3d Float enhancements (AL)
\c@float@type=\count115
\float@exts=\toks25
\float@box=\box36
\@float@everytoks=\toks26
\@floatcapt=\box37
)
(/usr/share/texlive/texmf-dist/tex/latex/wrapfig/wrapfig.sty
\wrapoverhang=\dimen135
\WF@size=\dimen136
\c@WF@wrappedlines=\count116
\WF@box=\box38
\WF@everypar=\toks27
Package: wrapfig 2003/01/31  v 3.6
)
(/usr/share/texlive/texmf-dist/tex/latex/parskip/parskip.sty
Package: parskip 2001/04/09 non-zero parskip adjustments
)
(/usr/share/texlive/texmf-dist/tex/latex/base/alltt.sty
Package: alltt 1997/06/16 v2.0g defines alltt environment
)
(/usr/share/texlive/texmf-dist/tex/latex/upquote/upquote.sty
Package: upquote 2012/04/19 v1.3 upright-quote and grave-accent glyphs in verba
tim
)
(/usr/share/texlive/texmf-dist/tex/latex/capt-of/capt-of.sty
Package: capt-of 2009/12/29 v0.2 standard captions outside of floats
)
(/usr/share/texlive/texmf-dist/tex/latex/needspace/needspace.sty
Package: needspace 2010/09/12 v1.3d reserve vertical space
)
(/usr/share/texlive/texmf-dist/tex/latex/carlisle/remreset.sty)
(./sphinxhighlight.sty
Package: sphinxhighlight 2016/05/29 stylesheet for highlighting with pygments
)
(/usr/share/texlive/texmf-dist/tex/latex/oberdiek/kvoptions.sty
Package: kvoptions 2011/06/30 v3.11 Key value format for package options (HO)

(/usr/share/texlive/texmf-dist/tex/generic/oberdiek/kvsetkeys.sty
Package: kvsetkeys 2012/04/25 v1.16 Key value parser (HO)

(/usr/share/texlive/texmf-dist/tex/generic/oberdiek/etexcmds.sty
Package: etexcmds 2011/02/16 v1.5 Avoid name clashes with e-TeX commands (HO)

(/usr/share/texlive/texmf-dist/tex/generic/oberdiek/ifluatex.sty
Package: ifluatex 2010/03/01 v1.3 Provides the ifluatex switch (HO)
Package ifluatex Info: LuaTeX not detected.
)
Package etexcmds Info: Could not find \expanded.
(etexcmds)             That can mean that you are not using pdfTeX 1.50 or
(etexcmds)             that some package has redefined \expanded.
(etexcmds)             In the latter case, load this package earlier.
)))
\sphinxverbatimsep=\dimen137
\sphinxverbatimborder=\dimen138
\sphinxshadowsep=\dimen139
\sphinxshadowsize=\dimen140
\sphinxshadowrule=\dimen141
\spx@notice@border=\dimen142
\spx@image@box=\box39
\c@literalblock=\count117
\sphinxcontinuationbox=\box40
\sphinxvisiblespacebox=\box41
\sphinxVerbatim@TitleBox=\box42
\py@argswidth=\skip71
\lineblockindentation=\skip72
\DUlineblockindent=\skip73
)
(/usr/share/texlive/texmf-dist/tex/latex/geometry/geometry.sty
Package: geometry 2010/09/12 v5.6 Page Geometry

(/usr/share/texlive/texmf-dist/tex/generic/oberdiek/ifpdf.sty
Package: ifpdf 2011/01/30 v2.3 Provides the ifpdf switch (HO)
Package ifpdf Info: pdfTeX in PDF mode is detected.
)
(/usr/share/texlive/texmf-dist/tex/generic/oberdiek/ifvtex.sty
Package: ifvtex 2010/03/01 v1.5 Detect VTeX and its facilities (HO)
Package ifvtex Info: VTeX not detected.
)
(/usr/share/texlive/texmf-dist/tex/generic/ifxetex/ifxetex.sty
Package: ifxetex 2010/09/12 v0.6 Provides ifxetex conditional
)
\Gm@cnth=\count118
\Gm@cntv=\count119
\c@Gm@tempcnt=\count120
\Gm@bindingoffset=\dimen143
\Gm@wd@mp=\dimen144
\Gm@odd@mp=\dimen145
\Gm@even@mp=\dimen146
\Gm@layoutwidth=\dimen147
\Gm@layoutheight=\dimen148
\Gm@layouthoffset=\dimen149
\Gm@layoutvoffset=\dimen150
\Gm@dimlist=\toks28
)
(/usr/share/texlive/texmf-dist/tex/latex/hyperref/hyperref.sty
Package: hyperref 2012/11/06 v6.83m Hypertext links for LaTeX

(/usr/share/texlive/texmf-dist/tex/generic/oberdiek/hobsub-hyperref.sty
Package: hobsub-hyperref 2012/05/28 v1.13 Bundle oberdiek, subset hyperref (HO)


(/usr/share/texlive/texmf-dist/tex/generic/oberdiek/hobsub-generic.sty
Package: hobsub-generic 2012/05/28 v1.13 Bundle oberdiek, subset generic (HO)
Package: hobsub 2012/05/28 v1.13 Construct package bundles (HO)
Package hobsub Info: Skipping package `infwarerr' (already loaded).
Package hobsub Info: Skipping package `ltxcmds' (already loaded).
Package hobsub Info: Skipping package `ifluatex' (already loaded).
Package hobsub Info: Skipping package `ifvtex' (already loaded).
Package: intcalc 2007/09/27 v1.1 Expandable calculations with integers (HO)
Package hobsub Info: Skipping package `ifpdf' (already loaded).
Package hobsub Info: Skipping package `etexcmds' (already loaded).
Package hobsub Info: Skipping package `kvsetkeys' (already loaded).
Package: kvdefinekeys 2011/04/07 v1.3 Define keys (HO)
Package: pdftexcmds 2011/11/29 v0.20 Utility functions of pdfTeX for LuaTeX (HO
)
Package pdftexcmds Info: LuaTeX not detected.
Package pdftexcmds Info: \pdf@primitive is available.
Package pdftexcmds Info: \pdf@ifprimitive is available.
Package pdftexcmds Info: \pdfdraftmode found.
Package: pdfescape 2011/11/25 v1.13 Implements pdfTeX's escape features (HO)
Package: bigintcalc 2012/04/08 v1.3 Expandable calculations on big integers (HO
)
Package: bitset 2011/01/30 v1.1 Handle bit-vector datatype (HO)
Package: uniquecounter 2011/01/30 v1.2 Provide unlimited unique counter (HO)
)
Package hobsub Info: Skipping package `hobsub' (already loaded).
Package: letltxmacro 2010/09/02 v1.4 Let assignment for LaTeX macros (HO)
Package: hopatch 2012/05/28 v1.2 Wrapper for package hooks (HO)
Package: xcolor-patch 2011/01/30 xcolor patch
Package: atveryend 2011/06/30 v1.8 Hooks at the very end of document (HO)
Package: atbegshi 2011/10/05 v1.16 At begin shipout hook (HO)
Package: refcount 2011/10/16 v3.4 Data extraction from label references (HO)
Package: hycolor 2011/01/30 v1.7 Color options for hyperref/bookmark (HO)
)
(/usr/share/texlive/texmf-dist/tex/latex/oberdiek/auxhook.sty
Package: auxhook 2011/03/04 v1.3 Hooks for auxiliary files (HO)
)
\@linkdim=\dimen151
\Hy@linkcounter=\count121
\Hy@pagecounter=\count122

(/usr/share/texlive/texmf-dist/tex/latex/hyperref/pd1enc.def
File: pd1enc.def 2012/11/06 v6.83m Hyperref: PDFDocEncoding definition (HO)
Now handling font encoding PD1 ...
... no UTF-8 mapping file for font encoding PD1
)
\Hy@SavedSpaceFactor=\count123

(/usr/share/texlive/texmf-dist/tex/latex/latexconfig/hyperref.cfg
File: hyperref.cfg 2002/06/06 v1.2 hyperref configuration of TeXLive
)
Package hyperref Info: Option `unicode' set `true' on input line 4319.

(/usr/share/texlive/texmf-dist/tex/latex/hyperref/puenc.def
File: puenc.def 2012/11/06 v6.83m Hyperref: PDF Unicode definition (HO)
Now handling font encoding PU ...
... no UTF-8 mapping file for font encoding PU
)
Package hyperref Info: Option `colorlinks' set `true' on input line 4319.
Package hyperref Info: Option `breaklinks' set `true' on input line 4319.
Package hyperref Info: Hyper figures OFF on input line 4443.
Package hyperref Info: Link nesting OFF on input line 4448.
Package hyperref Info: Hyper index ON on input line 4451.
Package hyperref Info: Plain pages OFF on input line 4458.
Package hyperref Info: Backreferencing OFF on input line 4463.
Package hyperref Info: Implicit mode ON; LaTeX internals redefined.
Package hyperref Info: Bookmarks ON on input line 4688.
\c@Hy@tempcnt=\count124

(/usr/share/texlive/texmf-dist/tex/latex/url/url.sty
\Urlmuskip=\muskip11
Package: url 2013/09/16  ver 3.4  Verb mode for urls, etc.
)
LaTeX Info: Redefining \url on input line 5041.
\XeTeXLinkMargin=\dimen152
\Fld@menulength=\count125
\Field@Width=\dimen153
\Fld@charsize=\dimen154
Package hyperref Info: Hyper figures OFF on input line 6295.
Package hyperref Info: Link nesting OFF on input line 6300.
Package hyperref Info: Hyper index ON on input line 6303.
Package hyperref Info: backreferencing OFF on input line 6310.
Package hyperref Info: Link coloring ON on input line 6313.
Package hyperref Info: Link coloring with OCG OFF on input line 6320.
Package hyperref Info: PDF/A mode OFF on input line 6325.
LaTeX Info: Redefining \ref on input line 6365.
LaTeX Info: Redefining \pageref on input line 6369.
\Hy@abspage=\count126
\c@Item=\count127
\c@Hfootnote=\count128
)

Package hyperref Message: Driver (autodetected): hpdftex.

(/usr/share/texlive/texmf-dist/tex/latex/hyperref/hpdftex.def
File: hpdftex.def 2012/11/06 v6.83m Hyperref driver for pdfTeX
\Fld@listcount=\count129
\c@bookmark@seq@number=\count130

(/usr/share/texlive/texmf-dist/tex/latex/oberdiek/rerunfilecheck.sty
Package: rerunfilecheck 2011/04/15 v1.7 Rerun checks for auxiliary files (HO)
Package uniquecounter Info: New unique counter `rerunfilecheck' on input line 2
82.
)
\Hy@SectionHShift=\skip74
)
(/usr/share/texlive/texmf-dist/tex/latex/oberdiek/hypcap.sty
Package: hypcap 2011/02/16 v1.11 Adjusting the anchors of captions (HO)
)
\@indexfile=\write4
\openout4 = `odoo.idx'.


Writing index file odoo.idx
(./odoo.aux)
\openout1 = `odoo.aux'.

LaTeX Font Info:    Checking defaults for OML/cmm/m/it on input line 66.
LaTeX Font Info:    ... okay on input line 66.
LaTeX Font Info:    Checking defaults for T1/cmr/m/n on input line 66.
LaTeX Font Info:    ... okay on input line 66.
LaTeX Font Info:    Checking defaults for OT1/cmr/m/n on input line 66.
LaTeX Font Info:    ... okay on input line 66.
LaTeX Font Info:    Checking defaults for OMS/cmsy/m/n on input line 66.
LaTeX Font Info:    ... okay on input line 66.
LaTeX Font Info:    Checking defaults for OMX/cmex/m/n on input line 66.
LaTeX Font Info:    ... okay on input line 66.
LaTeX Font Info:    Checking defaults for U/cmr/m/n on input line 66.
LaTeX Font Info:    ... okay on input line 66.
LaTeX Font Info:    Checking defaults for TS1/cmr/m/n on input line 66.
LaTeX Font Info:    Try loading font information for TS1+cmr on input line 66.
 (/usr/share/texlive/texmf-dist/tex/latex/base/ts1cmr.fd
File: ts1cmr.fd 2014/09/29 v2.5h Standard LaTeX font definitions
)
LaTeX Font Info:    ... okay on input line 66.
LaTeX Font Info:    Checking defaults for PD1/pdf/m/n on input line 66.
LaTeX Font Info:    ... okay on input line 66.
LaTeX Font Info:    Checking defaults for PU/pdf/m/n on input line 66.
LaTeX Font Info:    ... okay on input line 66.
LaTeX Font Info:    Try loading font information for T1+ptm on input line 66.

(/usr/share/texlive/texmf-dist/tex/latex/psnfss/t1ptm.fd
File: t1ptm.fd 2001/06/04 font definitions for T1/ptm.
)
(/usr/share/texlive/texmf-dist/tex/context/base/supp-pdf.mkii
[Loading MPS to PDF converter (version 2006.09.02).]
\scratchcounter=\count131
\scratchdimen=\dimen155
\scratchbox=\box43
\nofMPsegments=\count132
\nofMParguments=\count133
\everyMPshowfont=\toks29
\MPscratchCnt=\count134
\MPscratchDim=\dimen156
\MPnumerator=\count135
\makeMPintoPDFobject=\count136
\everyMPtoPDFconversion=\toks30
) (/usr/share/texlive/texmf-dist/tex/latex/oberdiek/epstopdf-base.sty
Package: epstopdf-base 2010/02/09 v2.5 Base part for package epstopdf

(/usr/share/texlive/texmf-dist/tex/latex/oberdiek/grfext.sty
Package: grfext 2010/08/19 v1.1 Manage graphics extensions (HO)
)
Package grfext Info: Graphics extension search list:
(grfext)             [.png,.pdf,.jpg,.mps,.jpeg,.jbig2,.jb2,.PNG,.PDF,.JPG,.JPE
G,.JBIG2,.JB2,.eps]
(grfext)             \AppendGraphicsExtensions on input line 452.

(/usr/share/texlive/texmf-dist/tex/latex/latexconfig/epstopdf-sys.cfg
File: epstopdf-sys.cfg 2010/07/13 v1.3 Configuration of (r)epstopdf for TeX Liv
e
))
*geometry* driver: auto-detecting
*geometry* detected driver: pdftex
*geometry* verbose mode - [ preamble ] result:
* driver: pdftex
* paper: a4paper
* layout: <same size as paper>
* layoutoffset:(h,v)=(0.0pt,0.0pt)
* modes: twoside 
* h-part:(L,W,R)=(72.26999pt, 452.9679pt, 72.26999pt)
* v-part:(T,H,B)=(72.26999pt, 700.50687pt, 72.26999pt)
* \paperwidth=597.50787pt
* \paperheight=845.04684pt
* \textwidth=452.9679pt
* \textheight=700.50687pt
* \oddsidemargin=0.0pt
* \evensidemargin=0.0pt
* \topmargin=-37.0pt
* \headheight=12.0pt
* \headsep=25.0pt
* \topskip=10.0pt
* \footskip=30.0pt
* \marginparwidth=36.135pt
* \marginparsep=11.0pt
* \columnsep=10.0pt
* \skip\footins=9.0pt plus 4.0pt minus 2.0pt
* \hoffset=0.0pt
* \voffset=0.0pt
* \mag=1000
* \@twocolumnfalse
* \@twosidetrue
* \@mparswitchtrue
* \@reversemarginfalse
* (1in=72.27pt=25.4mm, 1cm=28.453pt)

\AtBeginShipoutBox=\box44
Package hyperref Info: Link coloring ON on input line 66.
(/usr/share/texlive/texmf-dist/tex/latex/hyperref/nameref.sty
Package: nameref 2012/10/27 v2.43 Cross-referencing by name of section

(/usr/share/texlive/texmf-dist/tex/generic/oberdiek/gettitlestring.sty
Package: gettitlestring 2010/12/03 v1.4 Cleanup title references (HO)
)
\c@section@level=\count137
)
LaTeX Info: Redefining \ref on input line 66.
LaTeX Info: Redefining \pageref on input line 66.
LaTeX Info: Redefining \nameref on input line 66.
\@outlinefile=\write5
\openout5 = `odoo.out'.

Package hyperref Info: Option `pageanchor' set `false' on input line 69.
LaTeX Font Info:    Try loading font information for T1+phv on input line 69.

(/usr/share/texlive/texmf-dist/tex/latex/psnfss/t1phv.fd
File: t1phv.fd 2001/06/04 scalable font definitions for T1/phv.
)
LaTeX Font Info:    Font shape `T1/phv/bx/n' in size <10> not available
(Font)              Font shape `T1/phv/b/n' tried instead on input line 69.
LaTeX Font Info:    Font shape `T1/phv/bx/n' in size <24.88> not available
(Font)              Font shape `T1/phv/b/n' tried instead on input line 69.
LaTeX Font Info:    Font shape `T1/phv/bx/it' in size <10> not available
(Font)              Font shape `T1/phv/b/it' tried instead on input line 69.
LaTeX Font Info:    Font shape `T1/phv/b/it' in size <10> not available
(Font)              Font shape `T1/phv/b/sl' tried instead on input line 69.
LaTeX Font Info:    Font shape `T1/phv/bx/it' in size <17.28> not available
(Font)              Font shape `T1/phv/b/it' tried instead on input line 69.
LaTeX Font Info:    Font shape `T1/phv/b/it' in size <17.28> not available
(Font)              Font shape `T1/phv/b/sl' tried instead on input line 69.
LaTeX Font Info:    Font shape `T1/phv/bx/n' in size <17.28> not available
(Font)              Font shape `T1/phv/b/n' tried instead on input line 69.
<<ot1.cmap>><<oml.cmap>><<oms.cmap>><<omx.cmap>>
LaTeX Font Info:    Try loading font information for U+msa on input line 69.

(/usr/share/texlive/texmf-dist/tex/latex/amsfonts/umsa.fd
File: umsa.fd 2013/01/14 v3.01 AMS symbols A
)
LaTeX Font Info:    Try loading font information for U+msb on input line 69.

(/usr/share/texlive/texmf-dist/tex/latex/amsfonts/umsb.fd
File: umsb.fd 2013/01/14 v3.01 AMS symbols B
)
LaTeX Font Info:    Font shape `T1/phv/bx/n' in size <12> not available
(Font)              Font shape `T1/phv/b/n' tried instead on input line 69.
 [1

{/var/lib/texmf/fonts/map/pdftex/updmap/pdftex.map}] [2

]
LaTeX Font Info:    Font shape `T1/phv/bx/n' in size <14.4> not available
(Font)              Font shape `T1/phv/b/n' tried instead on input line 69.
\tf@toc=\write6
\openout6 = `odoo.toc'.

 [1

] [2

]
Chapter 1.
<Intro.jpg, id=27, 1706.375pt x 1095.09125pt>
LaTeX Font Info:    Try loading font information for T1+pcr on input line 84.

(/usr/share/texlive/texmf-dist/tex/latex/psnfss/t1pcr.fd
File: t1pcr.fd 2001/06/04 font definitions for T1/pcr.
)
File: Intro.jpg Graphic file (type jpg)
 <use Intro.jpg>
Package pdftex.def Info: Intro.jpg used on input line 84.
(pdftex.def)             Requested size: 452.9679pt x 290.69908pt.
LaTeX Font Info:    Font shape `T1/ptm/bx/n' in size <10> not available
(Font)              Font shape `T1/ptm/b/n' tried instead on input line 92.

[1

 <./Intro.jpg>] <cms.jpg, id=38, 853.1875pt x 853.1875pt>
File: cms.jpg Graphic file (type jpg)
 <use cms.jpg>
Package pdftex.def Info: cms.jpg used on input line 109.
(pdftex.def)             Requested size: 452.9679pt x 452.98135pt.

[2 <./cms.jpg>] <def_structure.jpg, id=44, 853.1875pt x 933.4875pt>
File: def_structure.jpg Graphic file (type jpg)

<use def_structure.jpg>
Package pdftex.def Info: def_structure.jpg used on input line 129.
(pdftex.def)             Requested size: 452.9679pt x 495.6149pt.
LaTeX Font Info:    Try loading font information for TS1+ptm on input line 133.


(/usr/share/texlive/texmf-dist/tex/latex/psnfss/ts1ptm.fd
File: ts1ptm.fd 2001/06/04 font definitions for TS1/ptm.
) [3 <./def_structure.jpg>] <snippet.jpg, id=51, 853.1875pt x 853.1875pt>
File: snippet.jpg Graphic file (type jpg)
 <use snippet.jpg>
Package pdftex.def Info: snippet.jpg used on input line 185.
(pdftex.def)             Requested size: 452.9679pt x 452.98135pt.

<page.jpg, id=52, 853.1875pt x 853.1875pt>
File: page.jpg Graphic file (type jpg)
 <use page.jpg>
Package pdftex.def Info: page.jpg used on input line 196.
(pdftex.def)             Requested size: 452.9679pt x 452.98135pt.

<styles.jpg, id=53, 853.1875pt x 853.1875pt>
File: styles.jpg Graphic file (type jpg)
 <use styles.jpg>
Package pdftex.def Info: styles.jpg used on input line 209.
(pdftex.def)             Requested size: 452.9679pt x 452.98135pt.
LaTeX Font Info:    Font shape `T1/ptm/bx/n' in size <9> not available
(Font)              Font shape `T1/ptm/b/n' tried instead on input line 212.

<functionalities.jpg, id=54, 853.1875pt x 853.1875pt>
File: functionalities.jpg Graphic file (type jpg)

<use functionalities.jpg>
Package pdftex.def Info: functionalities.jpg used on input line 220.
(pdftex.def)             Requested size: 452.9679pt x 452.98135pt.


! Package inputenc Error: Unicode char  (U+2003)
(inputenc)                not set up for use with LaTeX.

See the inputenc package documentation for explanation.
Type  H <return>  for immediate help.
 ...                                              
                                                  
l.239   \PYGZsh{}\PYGZsh{} YOUR CODE HERE
                                               
? 

! Package inputenc Error: Unicode char  (U+2003)
(inputenc)                not set up for use with LaTeX.

See the inputenc package documentation for explanation.
Type  H <return>  for immediate help.
 ...                                              
                                                  
l.239   \PYGZsh{}\PYGZsh{} YOUR CODE HERE
                                               
? 
! Interruption.
\GenericError  ...                                
                                                  \endgroup 
l.239   \PYGZsh{}\PYGZsh{} YOUR CODE HERE
                                               
? q
OK, entering \batchmode...
 [4] [5 <./snippet.jpg>] [6 <./page.jpg>] [7 <./styles.jpg>] [8 <./functionalit
ies.jpg>] <restart.png, id=82, 25.09375pt x 25.09375pt>
File: restart.png Graphic file (type png)
 <use restart.png>
Package pdftex.def Info: restart.png used on input line 275.
(pdftex.def)             Requested size: 25.09367pt x 25.09367pt.
 <upgrade_module.png, id=84, 451.6875pt x 472.76625pt>
File: upgrade_module.png Graphic file (type png)
 <use upgrade_module.png>
Package pdftex.def Info: upgrade_module.png used on input line 277.
(pdftex.def)             Requested size: 451.68639pt x 472.76509pt.
 [9 <./restart.png> <./upgrade_module.png>]
LaTeX Font Info:    Font shape `T1/pcr/bx/n' in size <10> not available
(Font)              Font shape `T1/pcr/b/n' tried instead on input line 284.
 <folder.jpg, id=94, 675.52374pt x 272.01625pt>
File: folder.jpg Graphic file (type jpg)
 <use folder.jpg>
Package pdftex.def Info: folder.jpg used on input line 312.
(pdftex.def)             Requested size: 452.9679pt x 182.4035pt.
LaTeX Font Info:    Try loading font information for TS1+pcr on input line 322.


(/usr/share/texlive/texmf-dist/tex/latex/psnfss/ts1pcr.fd
File: ts1pcr.fd 2001/06/04 font definitions for TS1/pcr.
) [10 <./folder.jpg>]
<page_structure.jpg, id=103, 1265.72874pt x 853.1875pt>
File: page_structure.jpg Graphic file (type jpg)
 <use page_structure.jpg>
Package pdftex.def Info: page_structure.jpg used on input line 367.
(pdftex.def)             Requested size: 452.9679pt x 305.32466pt.
 [11 <./page_structure.jpg>]
File: restart.png Graphic file (type png)
 <use restart.png>
Package pdftex.def Info: restart.png used on input line 443.
(pdftex.def)             Requested size: 25.09367pt x 25.09367pt.
 <after-menu.png, id=111, 782.925pt x 440.64626pt>
File: after-menu.png Graphic file (type png)
 <use after-menu.png>
Package pdftex.def Info: after-menu.png used on input line 449.
(pdftex.def)             Requested size: 452.9679pt x 254.94296pt.
 [12] [13 <./after-menu.png>] [14]
File: restart.png Graphic file (type png)
 <use restart.png>
Package pdftex.def Info: restart.png used on input line 622.
(pdftex.def)             Requested size: 25.09367pt x 25.09367pt.

<services_page_nostyle.png, id=127, 1287.81125pt x 440.64626pt>
File: services_page_nostyle.png Graphic file (type png)
 <use services_page_nostyle.png>
Package pdftex.def Info: services_page_nostyle.png used on input line 629.
(pdftex.def)             Requested size: 452.9679pt x 154.98827pt.
 [15]
<services_page_menu.png, id=133, 455.7025pt x 105.39375pt>
File: services_page_menu.png Graphic file (type png)
 <use services_page_menu.png>
Package pdftex.def Info: services_page_menu.png used on input line 646.
(pdftex.def)             Requested size: 452.9679pt x 104.76306pt.
 [16 <./services_page_nostyle.png> <./services_page_menu.png>]
File: restart.png Graphic file (type png)
 <use restart.png>
Package pdftex.def Info: restart.png used on input line 719.
(pdftex.def)             Requested size: 25.09367pt x 25.09367pt.

<services_page_styled.png, id=141, 1252.68pt x 696.6025pt>
File: services_page_styled.png Graphic file (type png)
 <use services_page_styled.png>
Package pdftex.def Info: services_page_styled.png used on input line 723.
(pdftex.def)             Requested size: 452.9679pt x 251.89278pt.
 [17] [18 <./services_page_styled.png>] <snippet_bar.png, id=154, 663.47874pt x
 524.96124pt>
File: snippet_bar.png Graphic file (type png)
 <use snippet_bar.png>
Package pdftex.def Info: snippet_bar.png used on input line 779.
(pdftex.def)             Requested size: 452.9679pt x 358.40276pt.

<snippet_default.png, id=155, 1158.3275pt x 291.0875pt>
File: snippet_default.png Graphic file (type png)
 <use snippet_default.png>
Package pdftex.def Info: snippet_default.png used on input line 819.
(pdftex.def)             Requested size: 452.9679pt x 113.83012pt.
 [19 <./snippet_bar.png>] [20 <./snippet_default.png>]
File: restart.png Graphic file (type png)
 <use restart.png>
Package pdftex.def Info: restart.png used on input line 899.
(pdftex.def)             Requested size: 25.09367pt x 25.09367pt.

<snippet_options.png, id=170, 1176.395pt x 372.39125pt>
File: snippet_options.png Graphic file (type png)
 <use snippet_options.png>
Package pdftex.def Info: snippet_options.png used on input line 903.
(pdftex.def)             Requested size: 452.9679pt x 143.38527pt.
 [21 <./snippet_options.png>]
<snippet_options2.png, id=178, 1169.36874pt x 364.36125pt>
File: snippet_options2.png Graphic file (type png)
 <use snippet_options2.png>
Package pdftex.def Info: snippet_options2.png used on input line 931.
(pdftex.def)             Requested size: 452.9679pt x 141.13847pt.
 [22 <./snippet_options2.png>]
Overfull \hbox (23.14194pt too wide) in paragraph at lines 1037--1037
[]\T1/pcr/m/n/10 cleanForSave| 
 []

File: restart.png Graphic file (type png)
 <use restart.png>
Package pdftex.def Info: restart.png used on input line 1056.
(pdftex.def)             Requested size: 25.09367pt x 25.09367pt.

<snippet_custom_method.png, id=185, 1023.825pt x 519.9425pt>
File: snippet_custom_method.png Graphic file (type png)
 <use snippet_custom_method.png>
Package pdftex.def Info: snippet_custom_method.png used on input line 1062.
(pdftex.def)             Requested size: 452.9679pt x 230.03687pt.
 [23 <./snippet_custom_method.png>]
<seo_snippet_wrong.png, id=191, 2280.52pt x 1465.475pt>
File: seo_snippet_wrong.png Graphic file (type png)
 <use seo_snippet_wrong.png>
Package pdftex.def Info: seo_snippet_wrong.png used on input line 1124.
(pdftex.def)             Requested size: 452.9679pt x 291.07729pt.
 [24]
<seo_snippet_good.png, id=201, 2045.6425pt x 1465.475pt>
File: seo_snippet_good.png Graphic file (type png)
 <use seo_snippet_good.png>
Package pdftex.def Info: seo_snippet_good.png used on input line 1130.
(pdftex.def)             Requested size: 452.9679pt x 324.4851pt.
 [25 <./seo_snippet_wrong.png> <./seo_snippet_good.png>]

LaTeX Warning: Hyper reference `setup/install:setup-install' on page 26 undefin
ed on input line 1188.


LaTeX Warning: Hyper reference `reference/cmdline:reference-cmdline-scaffold' o
n page 26 undefined on input line 1202.

 [26]
LaTeX Font Info:    Font shape `T1/pcr/bx/n' in size <9> not available
(Font)              Font shape `T1/pcr/b/n' tried instead on input line 1207.

LaTeX Warning: Hyper reference `reference/http:reference-http-controllers' on p
age 27 undefined on input line 1250.

 <helloworld.png, id=221, 201.75375pt x 118.4425pt>
File: helloworld.png Graphic file (type png)
 <use helloworld.png>
Package pdftex.def Info: helloworld.png used on input line 1283.
(pdftex.def)             Requested size: 201.75325pt x 118.4422pt.

LaTeX Warning: Hyper reference `reference/qweb:reference-qweb' on page 27 undef
ined on input line 1293.

 [27]

LaTeX Warning: Hyper reference `reference/cmdline:cmdoption-odoo-bin-u' on page
 28 undefined on input line 1336.

LaTeX Font Info:    Font shape `T1/pcr/m/it' in size <10> not available
(Font)              Font shape `T1/pcr/m/sl' tried instead on input line 1336.
 <basic-list.png, id=232, 203.76125pt x 115.43124pt>
File: basic-list.png Graphic file (type png)
 <use basic-list.png>
Package pdftex.def Info: basic-list.png used on input line 1346.
(pdftex.def)             Requested size: 203.76074pt x 115.43095pt.

LaTeX Warning: Hyper reference `reference/orm:reference-orm-model' on page 28 u
ndefined on input line 1351.

 [28 <./helloworld.png> <./basic-list.png>]

LaTeX Warning: Hyper reference `reference/security:reference-security-acl' on p
age 29 undefined on input line 1374.


LaTeX Warning: Hyper reference `reference/data:reference-data' on page 29 undef
ined on input line 1398.


LaTeX Warning: Hyper reference `reference/data:reference-data' on page 29 undef
ined on input line 1413.

 [29]

LaTeX Warning: Hyper reference `reference/data:reference-data' on page 30 undef
ined on input line 1433.


LaTeX Warning: Hyper reference `reference/orm:odoo.models.Model.search' on page
 30 undefined on input line 1452.


LaTeX Warning: Hyper reference `reference/http:reference-http-request' on page 
30 undefined on input line 1502.

 [30] <layout.png, id=259, 391.4625pt x 227.85126pt>
File: layout.png Graphic file (type png)
 <use layout.png>
Package pdftex.def Info: layout.png used on input line 1556.
(pdftex.def)             Requested size: 391.46153pt x 227.8507pt.
 [31]

LaTeX Warning: Hyper reference `reference/http:odoo.http.route' on page 32 unde
fined on input line 1586.

 [32 <./layout.png>] [33] [34]

LaTeX Warning: Hyper reference `howtos/website:website-support' on page 35 unde
fined on input line 1808.

 [35]

LaTeX Warning: Hyper reference `reference/views:reference-views' on page 36 und
efined on input line 1874.


LaTeX Warning: Hyper reference `reference/orm:reference-orm-fields-basic' on pa
ge 36 undefined on input line 1909.


LaTeX Warning: Hyper reference `reference/orm:reference-orm-fields-relational' 
on page 36 undefined on input line 1910.

 [36] [37]

LaTeX Warning: Hyper reference `reference/orm:odoo.fields.One2many' on page 38 
undefined on input line 1996.


LaTeX Warning: Hyper reference `reference/orm:odoo.models.Model._inherit' on pa
ge 38 undefined on input line 2039.

 [38] [39] [40]

LaTeX Warning: Hyper reference `reference/orm:odoo.models.Model._inherit' on pa
ge 41 undefined on input line 2199.


LaTeX Warning: Hyper reference `reference/orm:odoo.models.Model._name' on page 
41 undefined on input line 2200.

 [41]

LaTeX Warning: Hyper reference `setup/install:setup-install' on page 42 undefin
ed on input line 2314.


LaTeX Warning: Hyper reference `reference/cmdline:reference-cmdline' on page 42
 undefined on input line 2327.


LaTeX Warning: Hyper reference `reference/cmdline:cmdoption-odoo-bin-addons-pat
h' on page 42 undefined on input line 2376.

 [42]

LaTeX Warning: Hyper reference `reference/cmdline:reference-cmdline-config' on 
page 43 undefined on input line 2381.


LaTeX Warning: Hyper reference `reference/module:reference-module-manifest' on 
page 43 undefined on input line 2384.


LaTeX Warning: Hyper reference `reference/module:reference-module-manifest' on 
page 43 undefined on input line 2385.


LaTeX Warning: Hyper reference `reference/cmdline:reference-cmdline-server' on 
page 43 undefined on input line 2400.


LaTeX Warning: Hyper reference `reference/cmdline:reference-cmdline-scaffold' o
n page 43 undefined on input line 2400.

 [43] [44]

LaTeX Warning: Hyper reference `reference/orm:odoo.models.Model' on page 45 und
efined on input line 2585.


LaTeX Warning: Hyper reference `reference/orm:odoo.models.Model._name' on page 
45 undefined on input line 2590.

 [45]
LaTeX Font Info:    Font shape `TS1/pcr/bx/n' in size <10> not available
(Font)              Font shape `TS1/pcr/b/n' tried instead on input line 1.

LaTeX Warning: Hyper reference `reference/orm:odoo.fields.Boolean' on page 46 u
ndefined on input line 2652.


LaTeX Warning: Hyper reference `reference/orm:odoo.fields.Date' on page 46 unde
fined on input line 2653.


LaTeX Warning: Hyper reference `reference/orm:odoo.fields.Char' on page 46 unde
fined on input line 2653.


LaTeX Warning: Hyper reference `reference/orm:odoo.models.Model._log_access' on
 page 46 undefined on input line 2661.

LaTeX Font Info:    Font shape `T1/pcr/m/it' in size <8> not available
(Font)              Font shape `T1/pcr/m/sl' tried instead on input line 2661.

LaTeX Warning: Hyper reference `reference/orm:odoo.fields.Datetime' on page 46 
undefined on input line 2670.

LaTeX Font Info:    Font shape `T1/ptm/bx/it' in size <10> not available
(Font)              Font shape `T1/ptm/b/it' tried instead on input line 2670.
LaTeX Font Info:    Font shape `T1/pcr/bx/it' in size <10> not available
(Font)              Font shape `T1/pcr/b/it' tried instead on input line 2670.
LaTeX Font Info:    Font shape `T1/pcr/b/it' in size <10> not available
(Font)              Font shape `T1/pcr/b/sl' tried instead on input line 2670.

LaTeX Warning: Hyper reference `reference/orm:odoo.fields.Many2one' on page 46 
undefined on input line 2673.


LaTeX Warning: Hyper reference `reference/orm:odoo.fields.Datetime' on page 46 
undefined on input line 2676.


LaTeX Warning: Hyper reference `reference/orm:odoo.fields.Many2one' on page 46 
undefined on input line 2679.


LaTeX Warning: Hyper reference `reference/orm:odoo.models.Model._rec_name' on p
age 46 undefined on input line 2689.

 [46]

LaTeX Warning: Hyper reference `reference/data:reference-data' on page 47 undef
ined on input line 2722.

 [47]

LaTeX Warning: Hyper reference `reference/cmdline:reference-cmdline' on page 48
 undefined on input line 2791.

 [48]

LaTeX Warning: Hyper reference `reference/views:reference-views-inheritance' on
 page 49 undefined on input line 2919.

 [49] [50]
Overfull \vbox (1.60478pt too high) detected at line 3084
 []

 [51] [52] [53]

LaTeX Warning: Hyper reference `reference/orm:odoo.fields.Many2one' on page 54 
undefined on input line 3226.

LaTeX Font Info:    Font shape `TS1/pcr/bx/it' in size <10> not available
(Font)              Font shape `TS1/pcr/b/it' tried instead on input line 1.
LaTeX Font Info:    Font shape `TS1/pcr/b/it' in size <10> not available
(Font)              Font shape `TS1/pcr/b/sl' tried instead on input line 1.

LaTeX Warning: Hyper reference `reference/orm:odoo.fields.One2many' on page 54 
undefined on input line 3242.


LaTeX Warning: Hyper reference `reference/orm:odoo.fields.Many2one' on page 54 
undefined on input line 3243.


LaTeX Warning: Hyper reference `reference/orm:odoo.fields.One2many' on page 54 
undefined on input line 3244.


LaTeX Warning: Hyper reference `reference/orm:odoo.fields.One2many' on page 54 
undefined on input line 3254.


LaTeX Warning: Hyper reference `reference/orm:odoo.fields.Many2one' on page 54 
undefined on input line 3255.


LaTeX Warning: Hyper reference `reference/orm:odoo.fields.Many2many' on page 54
 undefined on input line 3259.

 [54] [55] [56]
<inheritance_methods.png, id=442, 561.09625pt x 501.875pt>
File: inheritance_methods.png Graphic file (type png)
 <use inheritance_methods.png>
Package pdftex.def Info: inheritance_methods.png used on input line 3513.
(pdftex.def)             Requested size: 452.9679pt x 405.1534pt.
 [57]

LaTeX Warning: Hyper reference `reference/orm:odoo.models.Model._inherit' on pa
ge 58 undefined on input line 3520.


LaTeX Warning: Hyper reference `reference/orm:odoo.models.Model._inherits' on p
age 58 undefined on input line 3523.

 [58 <./inheritance_methods.png (PNG copy)>] [59]

LaTeX Warning: Hyper reference `reference/orm:reference-orm-domains' on page 60
 undefined on input line 3705.

 [60] [61]

LaTeX Warning: Hyper reference `reference/orm:odoo.api.depends' on page 62 unde
fined on input line 3862.

 [62] [63]

LaTeX Warning: Hyper reference `reference/orm:odoo.fields.Date' on page 64 unde
fined on input line 3988.


LaTeX Warning: Hyper reference `reference/orm:odoo.api.onchange' on page 64 und
efined on input line 4037.

 [64]

LaTeX Warning: Hyper reference `reference/orm:odoo.api.constrains' on page 65 u
ndefined on input line 4104.


LaTeX Warning: Hyper reference `reference/orm:odoo.models.Model._sql_constraint
s' on page 65 undefined on input line 4105.


LaTeX Warning: Hyper reference `reference/orm:odoo.api.constrains' on page 65 u
ndefined on input line 4108.

 [65]

LaTeX Warning: Hyper reference `reference/orm:odoo.models.Model._sql_constraint
s' on page 66 undefined on input line 4156.

 [66] [67] [68]
Overfull \vbox (0.6048pt too high) detected at line 4427
 []

 [69] [70]

LaTeX Warning: Hyper reference `setup/install:setup-install-editions' on page 7
1 undefined on input line 4522.

 [71] [72] [73]

LaTeX Warning: Hyper reference `reference/qweb:reference-qweb' on page 74 undef
ined on input line 4749.

 [74] [75]

LaTeX Warning: Hyper reference `reference/orm:odoo.models.Model.write' on page 
76 undefined on input line 4966.

 [76]

LaTeX Warning: Hyper reference `reference/orm:odoo.models.Model' on page 77 und
efined on input line 5022.


LaTeX Warning: Hyper reference `reference/orm:odoo.models.Model' on page 77 und
efined on input line 5023.

 [77] [78]
Underfull \hbox (badness 10000) in paragraph at lines 5199--5203
[]\T1/ptm/m/n/10 Modify the wiz-ard model so that at-ten-dees can be reg-is-ter
ed to mul-ti-ple ses-sions. \T1/ptm/m/it/10 ope-
 []

 [79] [80] [81]

LaTeX Warning: Hyper reference `reference/qweb:reference-qweb' on page 82 undef
ined on input line 5374.


LaTeX Warning: Hyper reference `reference/views:reference-views-qweb' on page 8
2 undefined on input line 5400.


Underfull \hbox (badness 10000) in paragraph at lines 5448--5451
[]\T1/pcr/m/n/10 report.url\T1/ptm/m/n/10 , point-ing to an URL reach-able from
 your server (prob-a-bly \T1/pcr/m/n/10 http://
 []

 [82] [83] [84] [85] [86] [87]

LaTeX Warning: Hyper reference `howtos/website::doc' on page 88 undefined on in
put line 5813.


LaTeX Warning: Hyper reference `howtos/backend::doc' on page 88 undefined on in
put line 5814.


LaTeX Warning: Hyper reference `setup/install:setup-install' on page 88 undefin
ed on input line 5830.


LaTeX Warning: Hyper reference `reference/cmdline:cmdoption-odoo-bin-addons-pat
h' on page 88 undefined on input line 5849.

 [88]

LaTeX Warning: Hyper reference `reference/qweb:reference-qweb' on page 89 undef
ined on input line 5892.

 <about_odoo.png, id=673, 356.33125pt x 432.61626pt>
File: about_odoo.png Graphic file (type png)
 <use about_odoo.png>
Package pdftex.def Info: about_odoo.png used on input line 5935.
(pdftex.def)             Requested size: 356.33037pt x 432.6152pt.
 <devmode.png, id=674, 597.23125pt x 503.8825pt>
File: devmode.png Graphic file (type png)
 <use devmode.png>
Package pdftex.def Info: devmode.png used on input line 5937.
(pdftex.def)             Requested size: 438.56775pt x 370.02243pt.

Underfull \vbox (badness 10000) detected at line 5941
 []

 [89]
Underfull \vbox (badness 10000) detected at line 5941
 []


Underfull \vbox (badness 10000) detected at line 5941
 []

 [90 <./about_odoo.png>] [91 <./devmode.png>] [92] [93] [94]
Underfull \hbox (badness 10000) in paragraph at lines 6305--6309
[]\T1/ptm/m/n/10 Finally, note the \T1/pcr/m/n/10 <div class="oe_petstore_greet
ings"> \T1/ptm/m/n/10 el-e-ment which rep-re-sents the
 []

 [95] [96]

LaTeX Warning: Hyper reference `reference/qweb:reference-qweb' on page 97 undef
ined on input line 6425.


LaTeX Warning: Hyper reference `reference/views:reference-views' on page 97 und
efined on input line 6446.

 [97] [98] [99] [100]

LaTeX Warning: Hyper reference `reference/qweb:reference-qweb' on page 101 unde
fined on input line 6771.

 [101] <qweb.png, id=768, 935.495pt x 550.055pt>
File: qweb.png Graphic file (type png)
 <use qweb.png>
Package pdftex.def Info: qweb.png used on input line 6857.
(pdftex.def)             Requested size: 317.07614pt x 186.43709pt.
 [102 <./qweb.png>] [103] [104] [105]
Overfull \vbox (2.36247pt too high) detected at line 7207
 []

 [106] [107] [108]

LaTeX Warning: Hyper reference `reference/orm:odoo.models.Model.search' on page
 109 undefined on input line 7429.


LaTeX Warning: Hyper reference `reference/orm:odoo.models.Model.read' on page 1
09 undefined on input line 7430.


LaTeX Warning: Hyper reference `reference/orm:odoo.models.Model.read' on page 1
09 undefined on input line 7473.

 [109]
Underfull \hbox (badness 10000) in paragraph at lines 7482--7485
[]\T1/ptm/m/n/10 Create a \T1/pcr/m/n/10 MessageOfTheDay \T1/ptm/m/n/10 wid-get
 dis-play-ing the last record of the \T1/pcr/m/n/10 oepetstore.
 []

 [110] [111]
Underfull \vbox (badness 6625) detected at line 7682
 []

 [112]

LaTeX Warning: Hyper reference `reference/actions:reference-actions' on page 11
3 undefined on input line 7691.


LaTeX Warning: Hyper reference `reference/actions:reference-actions' on page 11
3 undefined on input line 7706.

 [113] [114]
<viewarchitecture.png, id=855, 566.82353pt x 566.82353pt>
File: viewarchitecture.png Graphic file (type png)
 <use viewarchitecture.png>
Package pdftex.def Info: viewarchitecture.png used on input line 7869.
(pdftex.def)             Requested size: 181.18439pt x 181.17966pt.

LaTeX Warning: Hyper reference `reference/views:reference-views' on page 115 un
defined on input line 7874.


LaTeX Warning: Hyper reference `reference/orm:odoo.models.Model.fields_view_get
' on page 115 undefined on input line 7883.

 [115 <./viewarchitecture.png>]

LaTeX Warning: Hyper reference `reference/orm:odoo.fields.Char' on page 116 und
efined on input line 7905.

 [116] [117] [118] [119]
Underfull \hbox (badness 5050) in paragraph at lines 8274--8276
[]\T1/pcr/m/n/10 set_values(values)() \T1/ptm/m/n/10 sets mul-ti-ple field val-
ues, takes a map-ping of \T1/pcr/m/n/10 {field_name:
 []


Overfull \vbox (1.64893pt too high) detected at line 8322
 []

 [120]
Overfull \vbox (2.6048pt too high) detected at line 8386
 []

 [121]

LaTeX Warning: Hyper reference `setup/install:setup-install' on page 122 undefi
ned on input line 8403.


LaTeX Warning: Hyper reference `howtos/backend::doc' on page 122 undefined on i
nput line 8404.

 [122] [123]

! LaTeX Error: Unknown graphics extension: .svg.

See the LaTeX manual or LaTeX Companion for explanation.
Type  H <return>  for immediate help.
 ...                                              
                                                  
l.8533 ...\sphinxincludegraphics{{flamegraph}.svg}
                                                  
Try typing  <return>  to proceed.
If that doesn't work, type  X <return>  to quit.


! LaTeX Error: Unknown graphics extension: .svg.

See the LaTeX manual or LaTeX Companion for explanation.
Type  H <return>  for immediate help.
 ...                                              
                                                  
l.8533 ...\sphinxincludegraphics{{flamegraph}.svg}
                                                  
Try typing  <return>  to proceed.
If that doesn't work, type  X <return>  to quit.

 [124]
Chapter 2.

LaTeX Warning: Hyper reference `reference/orm:reference-orm-model' on page 125 
undefined on input line 8543.

 [125

] [126] [127]

LaTeX Warning: Hyper reference `reference/orm:odoo.models.Model.search' on page
 128 undefined on input line 8866.


LaTeX Warning: Hyper reference `reference/orm:odoo.models.Model.search' on page
 128 undefined on input line 8868.


LaTeX Warning: Hyper reference `reference/orm:reference-orm-domains' on page 12
8 undefined on input line 8869.

 [128] [129]

LaTeX Warning: Hyper reference `reference/orm:odoo.models.Model.search_count' o
n page 130 undefined on input line 8976.


LaTeX Warning: Hyper reference `reference/orm:reference-orm-domains' on page 13
0 undefined on input line 8978.


LaTeX Warning: Hyper reference `reference/orm:odoo.models.Model.search' on page
 130 undefined on input line 8979.


LaTeX Warning: Hyper reference `reference/orm:odoo.models.Model.read' on page 1
30 undefined on input line 9034.


LaTeX Warning: Hyper reference `reference/orm:odoo.models.Model.search' on page
 130 undefined on input line 9036.

 [130] [131]

LaTeX Warning: Hyper reference `reference/orm:odoo.models.Model.fields_get' on 
page 132 undefined on input line 9163.

 [132]

LaTeX Warning: Hyper reference `reference/orm:odoo.models.Model.search' on page
 133 undefined on input line 9256.


LaTeX Warning: Hyper reference `reference/orm:odoo.models.Model.read' on page 1
33 undefined on input line 9257.


LaTeX Warning: Hyper reference `reference/orm:odoo.models.Model.search' on page
 133 undefined on input line 9260.


LaTeX Warning: Hyper reference `reference/orm:odoo.models.Model.read' on page 1
33 undefined on input line 9261.

 [133]

LaTeX Warning: Hyper reference `reference/orm:odoo.models.Model.create' on page
 134 undefined on input line 9349.


LaTeX Warning: Hyper reference `reference/orm:odoo.models.Model.create' on page
 134 undefined on input line 9352.

 [134]

LaTeX Warning: Hyper reference `reference/orm:odoo.fields.Integer' on page 135 
undefined on input line 9399.


LaTeX Warning: Hyper reference `reference/orm:odoo.fields.Char' on page 135 und
efined on input line 9399.


LaTeX Warning: Hyper reference `reference/orm:odoo.fields.Text' on page 135 und
efined on input line 9400.


LaTeX Warning: Hyper reference `reference/orm:odoo.fields.Date' on page 135 und
efined on input line 9403.


LaTeX Warning: Hyper reference `reference/orm:odoo.fields.Datetime' on page 135
 undefined on input line 9403.


LaTeX Warning: Hyper reference `reference/orm:odoo.fields.One2many' on page 135
 undefined on input line 9407.


LaTeX Warning: Hyper reference `reference/orm:odoo.fields.Many2many' on page 13
5 undefined on input line 9407.


LaTeX Warning: Hyper reference `reference/orm:odoo.models.Model.write' on page 
135 undefined on input line 9409.


LaTeX Warning: Hyper reference `reference/orm:odoo.models.Model.write' on page 
135 undefined on input line 9417.


LaTeX Warning: Hyper reference `reference/orm:odoo.models.Model.create' on page
 135 undefined on input line 9419.

 [135]

LaTeX Warning: Hyper reference `reference/orm:odoo.models.Model.unlink' on page
 136 undefined on input line 9486.

 [136]

LaTeX Warning: Hyper reference `reference/orm:odoo.models.Model.fields_get' on 
page 137 undefined on input line 9543.


LaTeX Warning: Hyper reference `reference/orm:odoo.fields.One2many' on page 137
 undefined on input line 9565.


LaTeX Warning: Hyper reference `webservices/odoo:reference-webservice-inspectio
n-fields' on page 137 undefined on input line 9566.


LaTeX Warning: Hyper reference `reference/orm:odoo.fields.One2many' on page 137
 undefined on input line 9569.


LaTeX Warning: Hyper reference `reference/views:reference-views' on page 137 un
defined on input line 9569.


LaTeX Warning: Hyper reference `reference/orm:odoo.fields.One2many' on page 137
 undefined on input line 9573.


LaTeX Warning: Hyper reference `reference/security:reference-security-acl' on p
age 137 undefined on input line 9574.

 [137] [138]

LaTeX Warning: Hyper reference `reference/orm:odoo.fields.Many2one' on page 139
 undefined on input line 9727.


LaTeX Warning: Hyper reference `webservices/odoo:reference-webservice-inspectio
n-models' on page 139 undefined on input line 9728.


LaTeX Warning: Hyper reference `reference/orm:reference-orm-fields' on page 139
 undefined on input line 9737.


LaTeX Warning: Hyper reference `reference/security:reference-security-fields' o
n page 139 undefined on input line 9747.


LaTeX Warning: Hyper reference `reference/orm:odoo.fields.Many2many' on page 13
9 undefined on input line 9748.


LaTeX Warning: Hyper reference `reference/orm:reference-orm-fields' on page 139
 undefined on input line 9752.


Underfull \hbox (badness 7116) in paragraph at lines 9750--9753
[]\T1/ptm/m/n/10 type-specific prop-er-ties and
 []

 [139]
Underfull \vbox (badness 1803) detected at line 9852
 []

 [140]
Underfull \vbox (badness 6625) detected at line 9909
 []

 [141] <players.png, id=1016, 904.37875pt x 413.545pt>
File: players.png Graphic file (type png)
 <use players.png>
Package pdftex.def Info: players.png used on input line 9943.
(pdftex.def)             Requested size: 452.9679pt x 207.12535pt.
 <credits.jpg, id=1017, 602.25pt x 250.9375pt>
File: credits.jpg Graphic file (type jpg)
 <use credits.jpg>
Package pdftex.def Info: credits.jpg used on input line 9970.
(pdftex.def)             Requested size: 452.9679pt x 188.74254pt.

LaTeX Warning: Hyper reference `webservices/iap:iap-packages' on page 142 undef
ined on input line 9994.

 <normal.png, id=1019, 554.07pt x 413.545pt>
File: normal.png Graphic file (type png)
 <use normal.png>
Package pdftex.def Info: normal.png used on input line 10007.
(pdftex.def)             Requested size: 452.9679pt x 338.08684pt.
 <no-credit.png, id=1020, 554.07pt x 413.545pt>
File: no-credit.png Graphic file (type png)
 <use no-credit.png>
Package pdftex.def Info: no-credit.png used on input line 10042.
(pdftex.def)             Requested size: 452.9679pt x 338.08684pt.
 [142 <./players.png (PNG copy)>]

LaTeX Warning: Hyper reference `webservices/iap:ServiceName' on page 143 undefi
ned on input line 10104.


LaTeX Warning: Hyper reference `webservices/iap:iap-odoo-app' on page 143 undef
ined on input line 10105.


LaTeX Warning: Hyper reference `webservices/iap:ServiceKey' on page 143 undefin
ed on input line 10108.


LaTeX Warning: Hyper reference `webservices/iap:iap-service' on page 143 undefi
ned on input line 10109.

 [143 <./credits.jpg>] [144 <./normal.png (PNG copy)>] [145 <./no-credit.png (P
NG copy)>]

LaTeX Warning: Hyper reference `webservices/iap:ServiceName' on page 146 undefi
ned on input line 10115.


LaTeX Warning: Hyper reference `webservices/iap:ServiceKey' on page 146 undefin
ed on input line 10120.

 <service_select.png, id=1058, 863.225pt x 271.0125pt>
File: service_select.png Graphic file (type png)
 <use service_select.png>
Package pdftex.def Info: service_select.png used on input line 10125.
(pdftex.def)             Requested size: 452.9679pt x 142.